# JRE version: Java(TM) SE Runtime Environment (8.0_102-b14) (build 1.8.0_102-b14)
# Java VM: Java HotSpot(TM) 64-Bit Server VM (25.102-b14 mixed mode bsd-amd64 compressed oops)
Heap:
 garbage-first heap   total 262144K, used 125962K [0x0000000780000000, 0x0000000780100800, 0x00000007c0000000)
  region size 1024K, 36 young (36864K), 6 survivors (6144K)
 Metaspace       used 104834K, capacity 114884K, committed 115112K, reserved 1148928K
  class space    used 13019K, capacity 16042K, committed 16092K, reserved 1048576K
GC Heap History (10 events):
Event: 158.196 GC heap before
{Heap before GC invocations=17 (full 0):
 garbage-first heap   total 262144K, used 223283K [0x0000000780000000, 0x0000000780100800, 0x00000007c0000000)
  region size 1024K, 134 young (137216K), 11 survivors (11264K)
 Metaspace       used 102717K, capacity 112442K, committed 112552K, reserved 1146880K
  class space    used 12825K, capacity 15797K, committed 15836K, reserved 1048576K
Event: 158.219 GC heap after
Heap after GC invocations=18 (full 0):
 garbage-first heap   total 262144K, used 96819K [0x0000000780000000, 0x0000000780100800, 0x00000007c0000000)
  region size 1024K, 11 young (11264K), 11 survivors (11264K)
 Metaspace       used 102717K, capacity 112442K, committed 112552K, reserved 1146880K
  class space    used 12825K, capacity 15797K, committed 15836K, reserved 1048576K
}
Event: 185.904 GC heap before
{Heap before GC invocations=18 (full 0):
 garbage-first heap   total 262144K, used 222771K [0x0000000780000000, 0x0000000780100800, 0x00000007c0000000)
  region size 1024K, 134 young (137216K), 11 survivors (11264K)
 Metaspace       used 103188K, capacity 112846K, committed 113064K, reserved 1146880K
  class space    used 12833K, capacity 15801K, committed 15836K, reserved 1048576K
Event: 185.925 GC heap after
Heap after GC invocations=19 (full 0):
 garbage-first heap   total 262144K, used 95795K [0x0000000780000000, 0x0000000780100800, 0x00000007c0000000)
  region size 1024K, 10 young (10240K), 10 survivors (10240K)
 Metaspace       used 103188K, capacity 112846K, committed 113064K, reserved 1146880K
  class space    used 12833K, capacity 15801K, committed 15836K, reserved 1048576K
}
Event: 204.855 GC heap before
{Heap before GC invocations=19 (full 0):
 garbage-first heap   total 262144K, used 223795K [0x0000000780000000, 0x0000000780100800, 0x00000007c0000000)
  region size 1024K, 135 young (138240K), 10 survivors (10240K)
 Metaspace       used 104254K, capacity 114338K, committed 114600K, reserved 1148928K
  class space    used 12977K, capacity 16035K, committed 16092K, reserved 1048576K
Event: 204.882 GC heap after
Heap after GC invocations=20 (full 0):
 garbage-first heap   total 262144K, used 95795K [0x0000000780000000, 0x0000000780100800, 0x00000007c0000000)
  region size 1024K, 10 young (10240K), 10 survivors (10240K)
 Metaspace       used 104254K, capacity 114338K, committed 114600K, reserved 1148928K
  class space    used 12977K, capacity 16035K, committed 16092K, reserved 1048576K
}
Event: 219.532 GC heap before
{Heap before GC invocations=20 (full 0):
 garbage-first heap   total 262144K, used 223795K [0x0000000780000000, 0x0000000780100800, 0x00000007c0000000)
  region size 1024K, 135 young (138240K), 10 survivors (10240K)
 Metaspace       used 104549K, capacity 114620K, committed 114856K, reserved 1148928K
  class space    used 12998K, capacity 16040K, committed 16092K, reserved 1048576K
Event: 219.560 GC heap after
Heap after GC invocations=21 (full 0):
 garbage-first heap   total 262144K, used 98355K [0x0000000780000000, 0x0000000780100800, 0x00000007c0000000)
  region size 1024K, 12 young (12288K), 12 survivors (12288K)
 Metaspace       used 104549K, capacity 114620K, committed 114856K, reserved 1148928K
  class space    used 12998K, capacity 16040K, committed 16092K, reserved 1048576K
}
Event: 248.169 GC heap before
{Heap before GC invocations=21 (full 0):
 garbage-first heap   total 262144K, used 222259K [0x0000000780000000, 0x0000000780100800, 0x00000007c0000000)
  region size 1024K, 133 young (136192K), 12 survivors (12288K)
 Metaspace       used 104781K, capacity 114884K, committed 115112K, reserved 1148928K
  class space    used 13019K, capacity 16042K, committed 16092K, reserved 1048576K
Event: 248.193 GC heap after
Heap after GC invocations=22 (full 0):
 garbage-first heap   total 262144K, used 96266K [0x0000000780000000, 0x0000000780100800, 0x00000007c0000000)
  region size 1024K, 6 young (6144K), 6 survivors (6144K)
 Metaspace       used 104781K, capacity 114884K, committed 115112K, reserved 1148928K
  class space    used 13019K, capacity 16042K, committed 16092K, reserved 1048576K
}

